2025-04-21 18:35:10,489 - INFO - Génération de demande d'achat pour 7 articles
2025-04-21 18:35:10,498 - ERROR - Erreur base de données: 1054 (42S22): Unknown column 'reference' in 'field list'
2025-04-21 18:35:10,537 - INFO - Adding job tentatively -- it will be properly scheduled when the scheduler starts
2025-04-21 18:35:10,542 - INFO - Added job "check_and_generate_orders" to job store "default"
2025-04-21 18:35:10,542 - INFO - Scheduler started
2025-04-21 18:37:10,585 - INFO - Running job "check_and_generate_orders (trigger: interval[0:02:00], next run at: 2025-04-21 17:37:10 UTC)" (scheduled at 2025-04-21 17:37:10.536829+00:00)
2025-04-21 18:37:10,783 - INFO - Génération de demande d'achat pour 7 articles
2025-04-21 18:37:10,837 - ERROR - Erreur base de données: 1054 (42S22): Unknown column 'reference' in 'field list'
2025-04-21 18:37:10,901 - INFO - Job "check_and_generate_orders (trigger: interval[0:02:00], next run at: 2025-04-21 17:39:10 UTC)" executed successfully
2025-04-21 18:39:10,630 - INFO - Running job "check_and_generate_orders (trigger: interval[0:02:00], next run at: 2025-04-21 17:41:10 UTC)" (scheduled at 2025-04-21 17:39:10.536829+00:00)
2025-04-21 18:39:10,752 - INFO - Génération de demande d'achat pour 7 articles
2025-04-21 18:39:10,815 - ERROR - Erreur base de données: 1054 (42S22): Unknown column 'reference' in 'field list'
2025-04-21 18:39:10,865 - INFO - Job "check_and_generate_orders (trigger: interval[0:02:00], next run at: 2025-04-21 17:41:10 UTC)" executed successfully
2025-04-21 18:41:10,590 - INFO - Running job "check_and_generate_orders (trigger: interval[0:02:00], next run at: 2025-04-21 17:43:10 UTC)" (scheduled at 2025-04-21 17:41:10.536829+00:00)
2025-04-21 18:41:10,695 - INFO - Génération de demande d'achat pour 7 articles
2025-04-21 18:41:10,728 - ERROR - Erreur base de données: 1054 (42S22): Unknown column 'reference' in 'field list'
2025-04-21 18:41:10,779 - INFO - Job "check_and_generate_orders (trigger: interval[0:02:00], next run at: 2025-04-21 17:43:10 UTC)" executed successfully
2025-04-21 18:41:26,763 - INFO - Scheduler has been shut down
2025-04-21 18:49:52,779 - INFO - Génération de demande d'achat pour 7 articles
2025-04-21 18:49:52,786 - ERROR - Erreur base de données: 1054 (42S22): Unknown column 'fournisseur' in 'field list'
2025-04-21 18:49:52,818 - INFO - Adding job tentatively -- it will be properly scheduled when the scheduler starts
2025-04-21 18:49:52,822 - INFO - Added job "check_and_generate_orders" to job store "default"
2025-04-21 18:49:52,823 - INFO - Scheduler started
2025-04-21 18:51:53,150 - INFO - Running job "check_and_generate_orders (trigger: interval[0:02:00], next run at: 2025-04-21 17:53:52 UTC)" (scheduled at 2025-04-21 17:51:52.818580+00:00)
2025-04-21 18:53:52,893 - WARNING - Execution of job "check_and_generate_orders (trigger: interval[0:02:00], next run at: 2025-04-21 17:53:52 UTC)" skipped: maximum number of running instances reached (1)
2025-04-21 18:58:23,320 - WARNING - Execution of job "check_and_generate_orders (trigger: interval[0:02:00], next run at: 2025-04-21 17:55:52 UTC)" skipped: maximum number of running instances reached (1)
2025-04-21 18:58:23,523 - INFO - Génération de demande d'achat pour 7 articles
2025-04-21 18:58:23,839 - ERROR - Erreur base de données: 1054 (42S22): Unknown column 'fournisseur' in 'field list'
2025-04-21 18:58:23,857 - INFO - Job "check_and_generate_orders (trigger: interval[0:02:00], next run at: 2025-04-21 17:59:52 UTC)" executed successfully
2025-04-21 18:58:26,278 - INFO - Scheduler has been shut down
2025-04-21 18:58:33,674 - INFO - Génération de demande d'achat pour 7 articles
2025-04-21 18:58:34,056 - ERROR - Erreur lors de la récupération des emails: 1054 (42S22): Unknown column 'receive_alerts' in 'where clause'
2025-04-21 18:58:34,058 - ERROR - Aucun destinataire trouvé
2025-04-21 18:58:34,101 - INFO - Adding job tentatively -- it will be properly scheduled when the scheduler starts
2025-04-21 18:58:34,117 - INFO - Added job "check_and_generate_orders" to job store "default"
2025-04-21 18:58:34,136 - INFO - Scheduler started
2025-04-21 18:59:03,060 - INFO - Scheduler has been shut down
2025-04-21 18:59:10,316 - INFO - Génération de demande d'achat pour 7 articles
2025-04-21 18:59:10,356 - ERROR - Erreur lors de la récupération des emails: 1054 (42S22): Unknown column 'receive_alerts' in 'where clause'
2025-04-21 18:59:10,358 - ERROR - Aucun destinataire trouvé
2025-04-21 18:59:10,379 - INFO - Adding job tentatively -- it will be properly scheduled when the scheduler starts
2025-04-21 18:59:10,382 - INFO - Added job "check_and_generate_orders" to job store "default"
2025-04-21 18:59:10,382 - INFO - Scheduler started
2025-04-21 19:00:10,442 - INFO - Running job "check_and_generate_orders (trigger: interval[0:01:00], next run at: 2025-04-21 18:00:10 UTC)" (scheduled at 2025-04-21 18:00:10.379313+00:00)
2025-04-21 19:00:10,602 - INFO - Génération de demande d'achat pour 7 articles
2025-04-21 19:00:10,979 - ERROR - Erreur lors de la récupération des emails: 1054 (42S22): Unknown column 'receive_alerts' in 'where clause'
2025-04-21 19:00:11,002 - ERROR - Aucun destinataire trouvé
2025-04-21 19:00:11,037 - INFO - Job "check_and_generate_orders (trigger: interval[0:01:00], next run at: 2025-04-21 18:01:10 UTC)" executed successfully
2025-04-21 19:01:10,440 - INFO - Running job "check_and_generate_orders (trigger: interval[0:01:00], next run at: 2025-04-21 18:02:10 UTC)" (scheduled at 2025-04-21 18:01:10.379313+00:00)
2025-04-21 19:01:10,630 - INFO - Génération de demande d'achat pour 7 articles
2025-04-21 19:01:11,397 - ERROR - Erreur lors de la récupération des emails: 1054 (42S22): Unknown column 'receive_alerts' in 'where clause'
2025-04-21 19:01:11,432 - ERROR - Aucun destinataire trouvé
2025-04-21 19:01:11,483 - INFO - Job "check_and_generate_orders (trigger: interval[0:01:00], next run at: 2025-04-21 18:02:10 UTC)" executed successfully
2025-04-21 19:02:10,432 - INFO - Running job "check_and_generate_orders (trigger: interval[0:01:00], next run at: 2025-04-21 18:03:10 UTC)" (scheduled at 2025-04-21 18:02:10.379313+00:00)
2025-04-21 19:02:10,534 - INFO - Génération de demande d'achat pour 7 articles
2025-04-21 19:02:11,073 - ERROR - Erreur lors de la récupération des emails: 1054 (42S22): Unknown column 'receive_alerts' in 'where clause'
2025-04-21 19:02:11,106 - ERROR - Aucun destinataire trouvé
2025-04-21 19:02:11,139 - INFO - Job "check_and_generate_orders (trigger: interval[0:01:00], next run at: 2025-04-21 18:03:10 UTC)" executed successfully
2025-04-21 19:03:10,452 - INFO - Running job "check_and_generate_orders (trigger: interval[0:01:00], next run at: 2025-04-21 18:04:10 UTC)" (scheduled at 2025-04-21 18:03:10.379313+00:00)
2025-04-21 19:03:10,586 - INFO - Génération de demande d'achat pour 7 articles
2025-04-21 19:03:11,451 - ERROR - Erreur lors de la récupération des emails: 1054 (42S22): Unknown column 'receive_alerts' in 'where clause'
2025-04-21 19:03:11,488 - ERROR - Aucun destinataire trouvé
2025-04-21 19:03:11,557 - INFO - Job "check_and_generate_orders (trigger: interval[0:01:00], next run at: 2025-04-21 18:04:10 UTC)" executed successfully
2025-04-21 19:04:10,442 - INFO - Running job "check_and_generate_orders (trigger: interval[0:01:00], next run at: 2025-04-21 18:05:10 UTC)" (scheduled at 2025-04-21 18:04:10.379313+00:00)
2025-04-21 19:04:10,512 - INFO - Génération de demande d'achat pour 7 articles
2025-04-21 19:04:11,378 - ERROR - Erreur lors de la récupération des emails: 1054 (42S22): Unknown column 'receive_alerts' in 'where clause'
2025-04-21 19:04:11,438 - ERROR - Aucun destinataire trouvé
2025-04-21 19:04:11,489 - INFO - Job "check_and_generate_orders (trigger: interval[0:01:00], next run at: 2025-04-21 18:05:10 UTC)" executed successfully
2025-04-21 19:05:10,442 - INFO - Running job "check_and_generate_orders (trigger: interval[0:01:00], next run at: 2025-04-21 18:06:10 UTC)" (scheduled at 2025-04-21 18:05:10.379313+00:00)
2025-04-21 19:05:10,690 - INFO - Génération de demande d'achat pour 7 articles
2025-04-21 19:05:11,362 - ERROR - Erreur lors de la récupération des emails: 1054 (42S22): Unknown column 'receive_alerts' in 'where clause'
2025-04-21 19:05:11,395 - ERROR - Aucun destinataire trouvé
2025-04-21 19:05:11,445 - INFO - Job "check_and_generate_orders (trigger: interval[0:01:00], next run at: 2025-04-21 18:06:10 UTC)" executed successfully
2025-04-21 19:06:10,439 - INFO - Running job "check_and_generate_orders (trigger: interval[0:01:00], next run at: 2025-04-21 18:07:10 UTC)" (scheduled at 2025-04-21 18:06:10.379313+00:00)
2025-04-21 19:06:10,652 - INFO - Génération de demande d'achat pour 7 articles
2025-04-21 19:06:12,084 - ERROR - Erreur lors de la récupération des emails: 1054 (42S22): Unknown column 'receive_alerts' in 'where clause'
2025-04-21 19:06:12,118 - ERROR - Aucun destinataire trouvé
2025-04-21 19:06:12,211 - INFO - Job "check_and_generate_orders (trigger: interval[0:01:00], next run at: 2025-04-21 18:07:10 UTC)" executed successfully
2025-04-21 19:07:10,442 - INFO - Running job "check_and_generate_orders (trigger: interval[0:01:00], next run at: 2025-04-21 18:08:10 UTC)" (scheduled at 2025-04-21 18:07:10.379313+00:00)
2025-04-21 19:07:10,581 - INFO - Génération de demande d'achat pour 7 articles
2025-04-21 19:07:11,433 - ERROR - Erreur lors de la récupération des emails: 1054 (42S22): Unknown column 'receive_alerts' in 'where clause'
2025-04-21 19:07:11,467 - ERROR - Aucun destinataire trouvé
2025-04-21 19:07:11,533 - INFO - Job "check_and_generate_orders (trigger: interval[0:01:00], next run at: 2025-04-21 18:08:10 UTC)" executed successfully
2025-04-21 19:08:10,473 - INFO - Running job "check_and_generate_orders (trigger: interval[0:01:00], next run at: 2025-04-21 18:09:10 UTC)" (scheduled at 2025-04-21 18:08:10.379313+00:00)
2025-04-21 19:08:10,632 - INFO - Génération de demande d'achat pour 7 articles
2025-04-21 19:08:11,776 - ERROR - Erreur lors de la récupération des emails: 1054 (42S22): Unknown column 'receive_alerts' in 'where clause'
2025-04-21 19:08:11,809 - ERROR - Aucun destinataire trouvé
2025-04-21 19:08:11,860 - INFO - Job "check_and_generate_orders (trigger: interval[0:01:00], next run at: 2025-04-21 18:09:10 UTC)" executed successfully
2025-04-21 19:09:10,403 - INFO - Running job "check_and_generate_orders (trigger: interval[0:01:00], next run at: 2025-04-21 18:10:10 UTC)" (scheduled at 2025-04-21 18:09:10.379313+00:00)
2025-04-21 19:09:10,631 - INFO - Génération de demande d'achat pour 7 articles
2025-04-21 19:09:11,859 - ERROR - Erreur lors de la récupération des emails: 1054 (42S22): Unknown column 'receive_alerts' in 'where clause'
2025-04-21 19:09:11,910 - ERROR - Aucun destinataire trouvé
2025-04-21 19:09:11,945 - INFO - Job "check_and_generate_orders (trigger: interval[0:01:00], next run at: 2025-04-21 18:10:10 UTC)" executed successfully
2025-04-21 19:10:10,400 - INFO - Running job "check_and_generate_orders (trigger: interval[0:01:00], next run at: 2025-04-21 18:11:10 UTC)" (scheduled at 2025-04-21 18:10:10.379313+00:00)
2025-04-21 19:10:10,623 - INFO - Génération de demande d'achat pour 7 articles
2025-04-21 19:10:11,827 - ERROR - Erreur lors de la récupération des emails: 1054 (42S22): Unknown column 'receive_alerts' in 'where clause'
2025-04-21 19:10:11,843 - ERROR - Aucun destinataire trouvé
2025-04-21 19:10:11,937 - INFO - Job "check_and_generate_orders (trigger: interval[0:01:00], next run at: 2025-04-21 18:11:10 UTC)" executed successfully
2025-04-21 19:11:10,444 - INFO - Running job "check_and_generate_orders (trigger: interval[0:01:00], next run at: 2025-04-21 18:12:10 UTC)" (scheduled at 2025-04-21 18:11:10.379313+00:00)
2025-04-21 19:11:10,645 - INFO - Génération de demande d'achat pour 7 articles
2025-04-21 19:11:11,450 - ERROR - Erreur lors de la récupération des emails: 1054 (42S22): Unknown column 'receive_alerts' in 'where clause'
2025-04-21 19:11:11,483 - ERROR - Aucun destinataire trouvé
2025-04-21 19:11:11,565 - INFO - Job "check_and_generate_orders (trigger: interval[0:01:00], next run at: 2025-04-21 18:12:10 UTC)" executed successfully
2025-04-21 19:11:56,904 - INFO - Scheduler has been shut down
2025-04-21 19:12:01,195 - INFO - Génération de demande d'achat pour 7 articles
2025-04-21 19:12:01,243 - ERROR - Erreur lors de la récupération des emails: 1054 (42S22): Unknown column 'receive_alerts' in 'where clause'
2025-04-21 19:12:01,244 - ERROR - Aucun destinataire trouvé
2025-04-21 19:12:01,273 - INFO - Adding job tentatively -- it will be properly scheduled when the scheduler starts
2025-04-21 19:12:01,276 - INFO - Added job "check_and_generate_orders" to job store "default"
2025-04-21 19:12:01,276 - INFO - Scheduler started
2025-04-21 19:13:01,881 - INFO - Running job "check_and_generate_orders (trigger: interval[0:01:00], next run at: 2025-04-21 18:13:01 UTC)" (scheduled at 2025-04-21 18:13:01.272771+00:00)
2025-04-21 19:13:02,041 - INFO - Génération de demande d'achat pour 7 articles
2025-04-21 19:13:02,878 - ERROR - Erreur lors de la récupération des emails: 1054 (42S22): Unknown column 'receive_alerts' in 'where clause'
2025-04-21 19:13:03,097 - ERROR - Aucun destinataire trouvé
2025-04-21 19:13:03,191 - INFO - Job "check_and_generate_orders (trigger: interval[0:01:00], next run at: 2025-04-21 18:14:01 UTC)" executed successfully
2025-04-21 19:14:01,719 - INFO - Running job "check_and_generate_orders (trigger: interval[0:01:00], next run at: 2025-04-21 18:15:01 UTC)" (scheduled at 2025-04-21 18:14:01.272771+00:00)
2025-04-21 19:14:02,354 - INFO - Génération de demande d'achat pour 7 articles
2025-04-21 19:14:02,805 - ERROR - Erreur lors de la récupération des emails: 1054 (42S22): Unknown column 'receive_alerts' in 'where clause'
2025-04-21 19:14:02,839 - ERROR - Aucun destinataire trouvé
2025-04-21 19:14:02,856 - INFO - Job "check_and_generate_orders (trigger: interval[0:01:00], next run at: 2025-04-21 18:15:01 UTC)" executed successfully
2025-04-21 19:15:01,428 - INFO - Running job "check_and_generate_orders (trigger: interval[0:01:00], next run at: 2025-04-21 18:16:01 UTC)" (scheduled at 2025-04-21 18:15:01.272771+00:00)
2025-04-21 19:15:02,003 - INFO - Génération de demande d'achat pour 7 articles
2025-04-21 19:15:02,617 - ERROR - Erreur lors de la récupération des emails: 1054 (42S22): Unknown column 'receive_alerts' in 'where clause'
2025-04-21 19:15:02,666 - ERROR - Aucun destinataire trouvé
2025-04-21 19:15:02,738 - INFO - Job "check_and_generate_orders (trigger: interval[0:01:00], next run at: 2025-04-21 18:16:01 UTC)" executed successfully
2025-04-21 19:16:01,372 - INFO - Running job "check_and_generate_orders (trigger: interval[0:01:00], next run at: 2025-04-21 18:17:01 UTC)" (scheduled at 2025-04-21 18:16:01.272771+00:00)
2025-04-21 19:16:01,567 - INFO - Génération de demande d'achat pour 7 articles
2025-04-21 19:16:02,162 - ERROR - Erreur lors de la récupération des emails: 1054 (42S22): Unknown column 'receive_alerts' in 'where clause'
2025-04-21 19:16:02,178 - ERROR - Aucun destinataire trouvé
2025-04-21 19:16:02,236 - INFO - Job "check_and_generate_orders (trigger: interval[0:01:00], next run at: 2025-04-21 18:17:01 UTC)" executed successfully
2025-04-21 19:17:01,373 - INFO - Running job "check_and_generate_orders (trigger: interval[0:01:00], next run at: 2025-04-21 18:18:01 UTC)" (scheduled at 2025-04-21 18:17:01.272771+00:00)
2025-04-21 19:17:01,555 - INFO - Génération de demande d'achat pour 7 articles
2025-04-21 19:17:02,356 - ERROR - Erreur lors de la récupération des emails: 1054 (42S22): Unknown column 'receive_alerts' in 'where clause'
2025-04-21 19:17:02,455 - ERROR - Aucun destinataire trouvé
2025-04-21 19:17:02,679 - INFO - Job "check_and_generate_orders (trigger: interval[0:01:00], next run at: 2025-04-21 18:18:01 UTC)" executed successfully
2025-04-21 19:18:01,324 - INFO - Running job "check_and_generate_orders (trigger: interval[0:01:00], next run at: 2025-04-21 18:19:01 UTC)" (scheduled at 2025-04-21 18:18:01.272771+00:00)
2025-04-21 19:18:01,482 - INFO - Génération de demande d'achat pour 7 articles
2025-04-21 19:18:02,916 - ERROR - Erreur lors de la récupération des emails: 1054 (42S22): Unknown column 'receive_alerts' in 'where clause'
2025-04-21 19:18:02,950 - ERROR - Aucun destinataire trouvé
2025-04-21 19:18:03,143 - INFO - Job "check_and_generate_orders (trigger: interval[0:01:00], next run at: 2025-04-21 18:19:01 UTC)" executed successfully
2025-04-21 19:19:01,434 - INFO - Running job "check_and_generate_orders (trigger: interval[0:01:00], next run at: 2025-04-21 18:20:01 UTC)" (scheduled at 2025-04-21 18:19:01.272771+00:00)
2025-04-21 19:19:01,566 - INFO - Génération de demande d'achat pour 7 articles
2025-04-21 19:19:03,519 - ERROR - Erreur lors de la récupération des emails: 1054 (42S22): Unknown column 'receive_alerts' in 'where clause'
2025-04-21 19:19:03,553 - ERROR - Aucun destinataire trouvé
2025-04-21 19:19:03,981 - INFO - Job "check_and_generate_orders (trigger: interval[0:01:00], next run at: 2025-04-21 18:20:01 UTC)" executed successfully
2025-04-21 19:20:01,588 - INFO - Running job "check_and_generate_orders (trigger: interval[0:01:00], next run at: 2025-04-21 18:21:01 UTC)" (scheduled at 2025-04-21 18:20:01.272771+00:00)
2025-04-21 19:20:02,043 - INFO - Génération de demande d'achat pour 7 articles
2025-04-21 19:20:04,607 - ERROR - Erreur lors de la récupération des emails: 1054 (42S22): Unknown column 'receive_alerts' in 'where clause'
2025-04-21 19:20:04,894 - ERROR - Aucun destinataire trouvé
2025-04-21 19:20:05,501 - INFO - Job "check_and_generate_orders (trigger: interval[0:01:00], next run at: 2025-04-21 18:21:01 UTC)" executed successfully
2025-04-21 19:20:36,770 - INFO - Scheduler has been shut down
2025-04-21 19:20:55,449 - INFO - Génération de demande d'achat pour 7 articles
2025-04-21 19:20:55,626 - ERROR - Aucun utilisateur approuvé trouvé pour recevoir les alertes
2025-04-21 19:20:55,672 - INFO - Adding job tentatively -- it will be properly scheduled when the scheduler starts
2025-04-21 19:20:55,678 - INFO - Added job "check_and_generate_orders" to job store "default"
2025-04-21 19:20:55,679 - INFO - Scheduler started
2025-04-21 19:21:55,712 - INFO - Running job "check_and_generate_orders (trigger: interval[0:01:00], next run at: 2025-04-21 18:21:55 UTC)" (scheduled at 2025-04-21 18:21:55.672019+00:00)
2025-04-21 19:21:55,774 - INFO - Génération de demande d'achat pour 7 articles
2025-04-21 19:21:56,703 - ERROR - Aucun utilisateur approuvé trouvé pour recevoir les alertes
2025-04-21 19:21:56,727 - INFO - Job "check_and_generate_orders (trigger: interval[0:01:00], next run at: 2025-04-21 18:22:55 UTC)" executed successfully
2025-04-21 19:22:55,745 - INFO - Running job "check_and_generate_orders (trigger: interval[0:01:00], next run at: 2025-04-21 18:23:55 UTC)" (scheduled at 2025-04-21 18:22:55.672019+00:00)
2025-04-21 19:22:55,798 - INFO - Génération de demande d'achat pour 7 articles
2025-04-21 19:22:56,029 - ERROR - Aucun utilisateur approuvé trouvé pour recevoir les alertes
2025-04-21 19:22:56,081 - INFO - Job "check_and_generate_orders (trigger: interval[0:01:00], next run at: 2025-04-21 18:23:55 UTC)" executed successfully
2025-04-21 19:23:55,712 - INFO - Running job "check_and_generate_orders (trigger: interval[0:01:00], next run at: 2025-04-21 18:24:55 UTC)" (scheduled at 2025-04-21 18:23:55.672019+00:00)
2025-04-21 19:23:55,898 - INFO - Génération de demande d'achat pour 7 articles
2025-04-21 19:23:56,165 - ERROR - Aucun utilisateur approuvé trouvé pour recevoir les alertes
2025-04-21 19:23:56,181 - INFO - Job "check_and_generate_orders (trigger: interval[0:01:00], next run at: 2025-04-21 18:24:55 UTC)" executed successfully
2025-04-21 19:24:55,727 - INFO - Running job "check_and_generate_orders (trigger: interval[0:01:00], next run at: 2025-04-21 18:25:55 UTC)" (scheduled at 2025-04-21 18:24:55.672019+00:00)
2025-04-21 19:24:55,779 - INFO - Génération de demande d'achat pour 7 articles
2025-04-21 19:24:56,116 - ERROR - Aucun utilisateur approuvé trouvé pour recevoir les alertes
2025-04-21 19:24:56,143 - INFO - Job "check_and_generate_orders (trigger: interval[0:01:00], next run at: 2025-04-21 18:25:55 UTC)" executed successfully
2025-04-21 19:25:55,737 - INFO - Running job "check_and_generate_orders (trigger: interval[0:01:00], next run at: 2025-04-21 18:26:55 UTC)" (scheduled at 2025-04-21 18:25:55.672019+00:00)
2025-04-21 19:25:55,854 - INFO - Génération de demande d'achat pour 7 articles
2025-04-21 19:25:56,486 - ERROR - Aucun utilisateur approuvé trouvé pour recevoir les alertes
2025-04-21 19:25:56,504 - INFO - Job "check_and_generate_orders (trigger: interval[0:01:00], next run at: 2025-04-21 18:26:55 UTC)" executed successfully
2025-04-21 19:26:55,731 - INFO - Running job "check_and_generate_orders (trigger: interval[0:01:00], next run at: 2025-04-21 18:27:55 UTC)" (scheduled at 2025-04-21 18:26:55.672019+00:00)
2025-04-21 19:26:55,782 - INFO - Génération de demande d'achat pour 7 articles
2025-04-21 19:26:56,077 - ERROR - Aucun utilisateur approuvé trouvé pour recevoir les alertes
2025-04-21 19:26:56,114 - INFO - Job "check_and_generate_orders (trigger: interval[0:01:00], next run at: 2025-04-21 18:27:55 UTC)" executed successfully
2025-04-21 19:27:55,726 - INFO - Running job "check_and_generate_orders (trigger: interval[0:01:00], next run at: 2025-04-21 18:28:55 UTC)" (scheduled at 2025-04-21 18:27:55.672019+00:00)
2025-04-21 19:27:55,809 - INFO - Génération de demande d'achat pour 7 articles
2025-04-21 19:27:55,992 - ERROR - Aucun utilisateur approuvé trouvé pour recevoir les alertes
2025-04-21 19:27:56,041 - INFO - Job "check_and_generate_orders (trigger: interval[0:01:00], next run at: 2025-04-21 18:28:55 UTC)" executed successfully
2025-04-21 19:28:55,722 - INFO - Running job "check_and_generate_orders (trigger: interval[0:01:00], next run at: 2025-04-21 18:29:55 UTC)" (scheduled at 2025-04-21 18:28:55.672019+00:00)
2025-04-21 19:28:55,820 - INFO - Génération de demande d'achat pour 7 articles
2025-04-21 19:28:56,086 - ERROR - Aucun utilisateur approuvé trouvé pour recevoir les alertes
2025-04-21 19:28:56,108 - INFO - Job "check_and_generate_orders (trigger: interval[0:01:00], next run at: 2025-04-21 18:29:55 UTC)" executed successfully
2025-04-21 19:29:55,737 - INFO - Running job "check_and_generate_orders (trigger: interval[0:01:00], next run at: 2025-04-21 18:30:55 UTC)" (scheduled at 2025-04-21 18:29:55.672019+00:00)
2025-04-21 19:29:55,813 - INFO - Génération de demande d'achat pour 7 articles
2025-04-21 19:29:56,147 - ERROR - Aucun utilisateur approuvé trouvé pour recevoir les alertes
2025-04-21 19:29:56,180 - INFO - Job "check_and_generate_orders (trigger: interval[0:01:00], next run at: 2025-04-21 18:30:55 UTC)" executed successfully
2025-04-21 19:30:25,299 - INFO - Scheduler has been shut down
2025-04-21 19:33:54,825 - INFO - Successfully connected to database
2025-04-21 19:33:54,891 - INFO - Génération de demande d'achat pour 7 articles
2025-04-21 19:33:54,978 - INFO - Found 1 approved users
2025-04-21 19:33:54,979 - INFO - Recipients found: ['douha.hm17@gmail.com']
2025-04-21 19:34:01,240 - INFO - Demande d'achat envoyée à douha.hm17@gmail.com
2025-04-21 19:34:01,658 - INFO - Adding job tentatively -- it will be properly scheduled when the scheduler starts
2025-04-21 19:34:01,666 - INFO - Added job "check_and_generate_orders" to job store "default"
2025-04-21 19:34:01,667 - INFO - Scheduler started
2025-04-21 19:35:01,700 - INFO - Running job "check_and_generate_orders (trigger: interval[0:01:00], next run at: 2025-04-21 18:35:01 UTC)" (scheduled at 2025-04-21 18:35:01.657714+00:00)
2025-04-21 19:35:01,768 - INFO - Successfully connected to database
2025-04-21 19:35:01,817 - INFO - Génération de demande d'achat pour 7 articles
2025-04-21 19:35:02,550 - INFO - Found 1 approved users
2025-04-21 19:35:02,568 - INFO - Recipients found: ['douha.hm17@gmail.com']
2025-04-21 19:35:05,683 - INFO - Demande d'achat envoyée à douha.hm17@gmail.com
2025-04-21 19:35:05,784 - INFO - Job "check_and_generate_orders (trigger: interval[0:01:00], next run at: 2025-04-21 18:36:01 UTC)" executed successfully
2025-04-21 19:36:01,698 - INFO - Running job "check_and_generate_orders (trigger: interval[0:01:00], next run at: 2025-04-21 18:37:01 UTC)" (scheduled at 2025-04-21 18:36:01.657714+00:00)
2025-04-21 19:36:01,765 - INFO - Successfully connected to database
2025-04-21 19:36:01,799 - INFO - Génération de demande d'achat pour 7 articles
2025-04-21 19:36:01,992 - INFO - Found 1 approved users
2025-04-21 19:36:02,080 - INFO - Recipients found: ['douha.hm17@gmail.com']
2025-04-21 19:36:05,078 - INFO - Demande d'achat envoyée à douha.hm17@gmail.com
2025-04-21 19:36:05,161 - INFO - Job "check_and_generate_orders (trigger: interval[0:01:00], next run at: 2025-04-21 18:37:01 UTC)" executed successfully
2025-04-21 19:36:14,866 - INFO - Scheduler has been shut down
2025-04-21 19:48:19,348 - INFO - Génération de demande d'achat pour 7 articles
2025-04-21 19:48:19,558 - INFO - Found 1 approved users
2025-04-21 19:48:22,454 - INFO - Demande d'achat envoyée à douha.hm17@gmail.com
2025-04-21 19:48:22,563 - INFO - Adding job tentatively -- it will be properly scheduled when the scheduler starts
2025-04-21 19:48:22,568 - INFO - Added job "check_and_generate_orders" to job store "default"
2025-04-21 19:48:22,569 - INFO - Scheduler started
2025-04-21 19:49:22,604 - INFO - Running job "check_and_generate_orders (trigger: interval[0:01:00], next run at: 2025-04-21 18:49:22 UTC)" (scheduled at 2025-04-21 18:49:22.563672+00:00)
2025-04-21 19:49:22,757 - INFO - Génération de demande d'achat pour 7 articles
2025-04-21 19:49:23,452 - INFO - Found 1 approved users
2025-04-21 19:49:26,971 - INFO - Demande d'achat envoyée à douha.hm17@gmail.com
2025-04-21 19:49:27,104 - INFO - Job "check_and_generate_orders (trigger: interval[0:01:00], next run at: 2025-04-21 18:50:22 UTC)" executed successfully
2025-04-21 19:50:22,630 - INFO - Running job "check_and_generate_orders (trigger: interval[0:01:00], next run at: 2025-04-21 18:51:22 UTC)" (scheduled at 2025-04-21 18:50:22.563672+00:00)
2025-04-21 19:50:22,713 - INFO - Génération de demande d'achat pour 7 articles
2025-04-21 19:50:23,034 - INFO - Found 1 approved users
2025-04-21 19:50:27,195 - INFO - Demande d'achat envoyée à douha.hm17@gmail.com
2025-04-21 19:50:27,342 - INFO - Job "check_and_generate_orders (trigger: interval[0:01:00], next run at: 2025-04-21 18:51:22 UTC)" executed successfully
2025-04-21 19:50:33,737 - INFO - Scheduler has been shut down
2025-04-21 20:00:10,065 - INFO - Génération de demande d'achat pour 7 articles
2025-04-21 20:00:10,166 - INFO - Found 1 approved users
2025-04-21 20:00:13,722 - INFO - Demande d'achat envoyée à douha.hm17@gmail.com
2025-04-21 20:00:13,837 - INFO - Adding job tentatively -- it will be properly scheduled when the scheduler starts
2025-04-21 20:00:13,845 - INFO - Added job "check_and_generate_orders" to job store "default"
2025-04-21 20:00:13,846 - INFO - Scheduler started
2025-04-21 20:00:40,469 - INFO - Scheduler has been shut down
2025-04-21 20:04:44,229 - INFO - Successfully connected to database
2025-04-21 20:04:44,250 - INFO - Génération de demande d'achat pour 7 articles
2025-04-21 20:04:44,465 - INFO - Found 1 approved users
2025-04-21 20:04:44,466 - INFO - Recipients found: ['douha.hm17@gmail.com']
2025-04-21 20:04:47,316 - INFO - Demande d'achat envoyée à douha.hm17@gmail.com
2025-04-21 20:04:47,500 - INFO - Adding job tentatively -- it will be properly scheduled when the scheduler starts
2025-04-21 20:04:47,516 - INFO - Added job "check_and_generate_orders" to job store "default"
2025-04-21 20:04:47,533 - INFO - Scheduler started
2025-04-21 20:05:48,712 - WARNING - Run time of job "check_and_generate_orders (trigger: interval[0:01:00], next run at: 2025-04-21 19:05:47 UTC)" was missed by 0:00:01.206800
2025-04-21 20:06:47,645 - INFO - Running job "check_and_generate_orders (trigger: interval[0:01:00], next run at: 2025-04-21 19:07:47 UTC)" (scheduled at 2025-04-21 19:06:47.499916+00:00)
2025-04-21 20:06:47,849 - INFO - Successfully connected to database
2025-04-21 20:06:47,919 - INFO - Génération de demande d'achat pour 7 articles
2025-04-21 20:06:48,960 - INFO - Found 1 approved users
2025-04-21 20:06:48,977 - INFO - Recipients found: ['douha.hm17@gmail.com']
2025-04-21 20:06:59,024 - INFO - Demande d'achat envoyée à douha.hm17@gmail.com
2025-04-21 20:06:59,144 - INFO - Job "check_and_generate_orders (trigger: interval[0:01:00], next run at: 2025-04-21 19:07:47 UTC)" executed successfully
2025-04-21 20:07:47,561 - INFO - Running job "check_and_generate_orders (trigger: interval[0:01:00], next run at: 2025-04-21 19:08:47 UTC)" (scheduled at 2025-04-21 19:07:47.499916+00:00)
2025-04-21 20:07:47,727 - INFO - Successfully connected to database
2025-04-21 20:07:47,781 - INFO - Génération de demande d'achat pour 7 articles
2025-04-21 20:07:48,457 - INFO - Found 1 approved users
2025-04-21 20:07:48,473 - INFO - Recipients found: ['douha.hm17@gmail.com']
2025-04-21 20:07:51,893 - INFO - Demande d'achat envoyée à douha.hm17@gmail.com
2025-04-21 20:07:52,101 - INFO - Job "check_and_generate_orders (trigger: interval[0:01:00], next run at: 2025-04-21 19:08:47 UTC)" executed successfully
2025-04-21 20:08:47,739 - INFO - Running job "check_and_generate_orders (trigger: interval[0:01:00], next run at: 2025-04-21 19:09:47 UTC)" (scheduled at 2025-04-21 19:08:47.499916+00:00)
2025-04-21 20:08:47,894 - INFO - Successfully connected to database
2025-04-21 20:08:47,963 - INFO - Génération de demande d'achat pour 7 articles
2025-04-21 20:08:49,056 - INFO - Found 1 approved users
2025-04-21 20:08:49,108 - INFO - Recipients found: ['douha.hm17@gmail.com']
2025-04-21 20:09:02,669 - INFO - Demande d'achat envoyée à douha.hm17@gmail.com
2025-04-21 20:09:03,119 - INFO - Job "check_and_generate_orders (trigger: interval[0:01:00], next run at: 2025-04-21 19:09:47 UTC)" executed successfully
2025-04-21 20:09:47,736 - INFO - Running job "check_and_generate_orders (trigger: interval[0:01:00], next run at: 2025-04-21 19:10:47 UTC)" (scheduled at 2025-04-21 19:09:47.499916+00:00)
2025-04-21 20:09:48,878 - INFO - Successfully connected to database
2025-04-21 20:09:49,224 - INFO - Génération de demande d'achat pour 7 articles
2025-04-21 20:09:50,886 - INFO - Found 1 approved users
2025-04-21 20:09:51,001 - INFO - Recipients found: ['douha.hm17@gmail.com']
2025-04-21 20:10:03,938 - INFO - Demande d'achat envoyée à douha.hm17@gmail.com
2025-04-21 20:10:05,039 - INFO - Job "check_and_generate_orders (trigger: interval[0:01:00], next run at: 2025-04-21 19:10:47 UTC)" executed successfully
2025-04-21 20:10:47,748 - INFO - Running job "check_and_generate_orders (trigger: interval[0:01:00], next run at: 2025-04-21 19:11:47 UTC)" (scheduled at 2025-04-21 19:10:47.499916+00:00)
2025-04-21 20:10:47,946 - INFO - Successfully connected to database
2025-04-21 20:10:48,035 - INFO - Génération de demande d'achat pour 7 articles
2025-04-21 20:10:49,048 - INFO - Found 1 approved users
2025-04-21 20:10:49,074 - INFO - Recipients found: ['douha.hm17@gmail.com']
2025-04-21 20:10:52,218 - INFO - Demande d'achat envoyée à douha.hm17@gmail.com
2025-04-21 20:10:52,431 - INFO - Job "check_and_generate_orders (trigger: interval[0:01:00], next run at: 2025-04-21 19:11:47 UTC)" executed successfully
2025-04-21 20:11:10,143 - INFO - Scheduler has been shut down
2025-04-21 20:11:20,956 - ERROR - Erreur base de données: 1054 (42S22): Unknown column 'article' in 'field list'
2025-04-21 20:11:21,020 - INFO - Adding job tentatively -- it will be properly scheduled when the scheduler starts
2025-04-21 20:11:21,031 - INFO - Added job "check_and_generate_orders" to job store "default"
2025-04-21 20:11:21,032 - INFO - Scheduler started
2025-04-21 20:12:05,190 - INFO - Scheduler has been shut down
2025-04-21 20:23:07,812 - INFO - Génération de demande d'achat pour 8 articles
2025-04-21 20:23:07,947 - INFO - Found 1 approved users
2025-04-21 20:23:12,009 - INFO - Demande d'achat envoyée à douha.hm17@gmail.com
2025-04-21 20:23:12,103 - INFO - Adding job tentatively -- it will be properly scheduled when the scheduler starts
2025-04-21 20:23:12,109 - INFO - Added job "check_and_generate_orders" to job store "default"
2025-04-21 20:23:12,110 - INFO - Scheduler started
2025-04-21 20:24:12,151 - INFO - Running job "check_and_generate_orders (trigger: interval[0:01:00], next run at: 2025-04-21 19:24:12 UTC)" (scheduled at 2025-04-21 19:24:12.102982+00:00)
2025-04-21 20:24:12,235 - INFO - Génération de demande d'achat pour 8 articles
2025-04-21 20:24:12,335 - INFO - Found 1 approved users
2025-04-21 20:24:15,052 - INFO - Demande d'achat envoyée à douha.hm17@gmail.com
2025-04-21 20:24:15,183 - INFO - Job "check_and_generate_orders (trigger: interval[0:01:00], next run at: 2025-04-21 19:25:12 UTC)" executed successfully
2025-04-21 20:25:12,278 - INFO - Running job "check_and_generate_orders (trigger: interval[0:01:00], next run at: 2025-04-21 19:26:12 UTC)" (scheduled at 2025-04-21 19:25:12.102982+00:00)
2025-04-21 20:25:12,378 - INFO - Génération de demande d'achat pour 8 articles
2025-04-21 20:25:12,521 - INFO - Found 1 approved users
2025-04-21 20:25:18,245 - INFO - Demande d'achat envoyée à douha.hm17@gmail.com
2025-04-21 20:25:18,475 - INFO - Job "check_and_generate_orders (trigger: interval[0:01:00], next run at: 2025-04-21 19:26:12 UTC)" executed successfully
2025-04-21 20:26:12,173 - INFO - Running job "check_and_generate_orders (trigger: interval[0:01:00], next run at: 2025-04-21 19:27:12 UTC)" (scheduled at 2025-04-21 19:26:12.102982+00:00)
2025-04-21 20:26:12,243 - INFO - Génération de demande d'achat pour 8 articles
2025-04-21 20:26:12,390 - INFO - Found 1 approved users
2025-04-21 20:26:16,634 - INFO - Demande d'achat envoyée à douha.hm17@gmail.com
2025-04-21 20:26:17,352 - INFO - Job "check_and_generate_orders (trigger: interval[0:01:00], next run at: 2025-04-21 19:27:12 UTC)" executed successfully
2025-04-21 20:27:12,168 - INFO - Running job "check_and_generate_orders (trigger: interval[0:01:00], next run at: 2025-04-21 19:28:12 UTC)" (scheduled at 2025-04-21 19:27:12.102982+00:00)
2025-04-21 20:27:12,206 - INFO - Génération de demande d'achat pour 8 articles
2025-04-21 20:27:12,468 - INFO - Found 1 approved users
2025-04-21 20:27:16,090 - INFO - Demande d'achat envoyée à douha.hm17@gmail.com
2025-04-21 20:27:16,227 - INFO - Job "check_and_generate_orders (trigger: interval[0:01:00], next run at: 2025-04-21 19:28:12 UTC)" executed successfully
2025-04-21 20:28:12,188 - INFO - Running job "check_and_generate_orders (trigger: interval[0:01:00], next run at: 2025-04-21 19:29:12 UTC)" (scheduled at 2025-04-21 19:28:12.102982+00:00)
2025-04-21 20:28:12,310 - INFO - Génération de demande d'achat pour 8 articles
2025-04-21 20:28:12,952 - INFO - Found 1 approved users
2025-04-21 20:28:17,290 - INFO - Demande d'achat envoyée à douha.hm17@gmail.com
2025-04-21 20:28:17,434 - INFO - Job "check_and_generate_orders (trigger: interval[0:01:00], next run at: 2025-04-21 19:29:12 UTC)" executed successfully
2025-04-21 20:29:12,145 - INFO - Running job "check_and_generate_orders (trigger: interval[0:01:00], next run at: 2025-04-21 19:30:12 UTC)" (scheduled at 2025-04-21 19:29:12.102982+00:00)
2025-04-21 20:29:12,295 - INFO - Génération de demande d'achat pour 8 articles
2025-04-21 20:29:13,294 - INFO - Found 1 approved users
2025-04-21 20:29:18,413 - INFO - Demande d'achat envoyée à douha.hm17@gmail.com
2025-04-21 20:29:18,599 - INFO - Job "check_and_generate_orders (trigger: interval[0:01:00], next run at: 2025-04-21 19:30:12 UTC)" executed successfully
2025-04-21 20:29:26,084 - INFO - Scheduler has been shut down
2025-04-21 20:33:02,103 - INFO - Génération de demande d'achat pour 8 articles
2025-04-21 20:33:02,327 - INFO - Found 1 approved users
2025-04-21 20:33:04,738 - INFO - Demande d'achat envoyée à douha.hm17@gmail.com
2025-04-21 20:33:04,846 - INFO - Adding job tentatively -- it will be properly scheduled when the scheduler starts
2025-04-21 20:33:04,851 - INFO - Added job "check_and_generate_orders" to job store "default"
2025-04-21 20:33:04,851 - INFO - Scheduler started
2025-04-21 20:34:04,883 - INFO - Running job "check_and_generate_orders (trigger: interval[0:01:00], next run at: 2025-04-21 19:34:04 UTC)" (scheduled at 2025-04-21 19:34:04.846617+00:00)
2025-04-21 20:34:04,976 - INFO - Génération de demande d'achat pour 8 articles
2025-04-21 20:34:05,593 - INFO - Found 1 approved users
2025-04-21 20:34:08,248 - INFO - Demande d'achat envoyée à douha.hm17@gmail.com
2025-04-21 20:34:08,404 - INFO - Job "check_and_generate_orders (trigger: interval[0:01:00], next run at: 2025-04-21 19:35:04 UTC)" executed successfully
2025-04-21 20:35:04,906 - INFO - Running job "check_and_generate_orders (trigger: interval[0:01:00], next run at: 2025-04-21 19:36:04 UTC)" (scheduled at 2025-04-21 19:35:04.846617+00:00)
2025-04-21 20:35:04,988 - INFO - Génération de demande d'achat pour 8 articles
2025-04-21 20:35:05,153 - INFO - Found 1 approved users
2025-04-21 20:35:08,553 - INFO - Demande d'achat envoyée à douha.hm17@gmail.com
2025-04-21 20:35:08,681 - INFO - Job "check_and_generate_orders (trigger: interval[0:01:00], next run at: 2025-04-21 19:36:04 UTC)" executed successfully
2025-04-21 20:35:14,959 - INFO - Scheduler has been shut down
2025-04-21 20:40:36,760 - INFO - Génération de demande d'achat pour 6 articles nécessitant réapprovisionnement
2025-04-21 20:40:36,960 - INFO - Found 1 approved users
2025-04-21 20:40:39,539 - INFO - Demande d'achat envoyée à douha.hm17@gmail.com
2025-04-21 20:40:39,630 - INFO - Adding job tentatively -- it will be properly scheduled when the scheduler starts
2025-04-21 20:40:39,633 - INFO - Added job "check_and_generate_orders" to job store "default"
2025-04-21 20:40:39,633 - INFO - Scheduler started
2025-04-21 20:41:39,667 - INFO - Running job "check_and_generate_orders (trigger: interval[0:01:00], next run at: 2025-04-21 19:41:39 UTC)" (scheduled at 2025-04-21 19:41:39.629727+00:00)
2025-04-21 20:41:39,772 - INFO - Génération de demande d'achat pour 6 articles nécessitant réapprovisionnement
2025-04-21 20:41:39,910 - INFO - Found 1 approved users
2025-04-21 20:41:42,699 - INFO - Demande d'achat envoyée à douha.hm17@gmail.com
2025-04-21 20:41:43,031 - INFO - Job "check_and_generate_orders (trigger: interval[0:01:00], next run at: 2025-04-21 19:42:39 UTC)" executed successfully
2025-04-21 20:42:18,120 - INFO - Scheduler has been shut down
2025-04-21 22:05:11,388 - INFO - Génération de demande d'achat pour 6 articles nécessitant réapprovisionnement
2025-04-21 22:05:11,577 - INFO - Found 1 approved users
2025-04-21 22:05:14,856 - INFO - Demande d'achat envoyée à douha.hm17@gmail.com
2025-04-21 22:05:15,302 - INFO - Adding job tentatively -- it will be properly scheduled when the scheduler starts
2025-04-21 22:05:15,314 - INFO - Added job "check_and_generate_orders" to job store "default"
2025-04-21 22:05:15,317 - INFO - Scheduler started
2025-04-21 22:06:15,333 - INFO - Running job "check_and_generate_orders (trigger: interval[0:01:00], next run at: 2025-04-21 21:06:15 UTC)" (scheduled at 2025-04-21 21:06:15.301727+00:00)
2025-04-21 22:06:15,412 - INFO - Génération de demande d'achat pour 6 articles nécessitant réapprovisionnement
2025-04-21 22:06:15,645 - INFO - Found 1 approved users
2025-04-21 22:06:18,138 - INFO - Demande d'achat envoyée à douha.hm17@gmail.com
2025-04-21 22:06:18,232 - INFO - Job "check_and_generate_orders (trigger: interval[0:01:00], next run at: 2025-04-21 21:07:15 UTC)" executed successfully
2025-04-21 22:06:45,046 - INFO - Scheduler has been shut down
2025-04-22 10:33:53,931 - INFO - Génération de demande d'achat pour 7 articles nécessitant réapprovisionnement
2025-04-22 10:33:54,040 - INFO - Found 1 approved users
2025-04-22 10:33:57,438 - INFO - Demande d'achat envoyée à douha.hm17@gmail.com
2025-04-22 10:33:57,632 - INFO - Adding job tentatively -- it will be properly scheduled when the scheduler starts
2025-04-22 10:33:57,639 - INFO - Added job "check_and_generate_orders" to job store "default"
2025-04-22 10:33:57,640 - INFO - Scheduler started
2025-04-22 10:34:17,873 - INFO - Scheduler has been shut down
