2025-04-07 11:59:13,740 - INFO - Démarrage du système de surveillance de stock...
2025-04-07 11:59:13,772 - ERROR - Erreur critique: 'No time zone found with key Africa/Tunisia'
2025-04-07 12:00:53,050 - INFO - Démarrage du système de surveillance de stock...
2025-04-07 12:00:53,071 - INFO - Adding job tentatively -- it will be properly scheduled when the scheduler starts
2025-04-07 12:00:53,076 - INFO - Added job "stock_check" to job store "default"
2025-04-07 12:00:53,077 - INFO - Scheduler started
2025-04-07 12:01:00,110 - INFO - Running job "stock_check (trigger: cron[minute='*'], next run at: 2025-04-07 11:01:00 UTC)" (scheduled at 2025-04-07 11:01:00+00:00)
2025-04-07 12:01:00,692 - ERROR - Erreur de base de données: 1054 (42S22): Unknown column 'seuil_min' in 'field list'
2025-04-07 12:01:00,693 - INFO - Job "stock_check (trigger: cron[minute='*'], next run at: 2025-04-07 11:02:00 UTC)" executed successfully
2025-04-07 12:02:00,112 - INFO - Running job "stock_check (trigger: cron[minute='*'], next run at: 2025-04-07 11:03:00 UTC)" (scheduled at 2025-04-07 11:02:00+00:00)
2025-04-07 12:02:00,233 - ERROR - Erreur de base de données: 1054 (42S22): Unknown column 'seuil_min' in 'field list'
2025-04-07 12:02:00,266 - INFO - Job "stock_check (trigger: cron[minute='*'], next run at: 2025-04-07 11:03:00 UTC)" executed successfully
2025-04-07 12:03:00,192 - INFO - Running job "stock_check (trigger: cron[minute='*'], next run at: 2025-04-07 11:04:00 UTC)" (scheduled at 2025-04-07 11:03:00+00:00)
2025-04-07 12:03:00,245 - ERROR - Erreur de base de données: 1054 (42S22): Unknown column 'seuil_min' in 'field list'
2025-04-07 12:03:00,280 - INFO - Job "stock_check (trigger: cron[minute='*'], next run at: 2025-04-07 11:04:00 UTC)" executed successfully
2025-04-07 12:03:35,189 - INFO - Arrêt du système...
2025-04-07 12:03:35,192 - INFO - Scheduler has been shut down
2025-04-07 12:03:41,386 - INFO - Démarrage du système de surveillance de stock...
2025-04-07 12:03:41,406 - INFO - Adding job tentatively -- it will be properly scheduled when the scheduler starts
2025-04-07 12:03:41,410 - INFO - Added job "stock_check" to job store "default"
2025-04-07 12:03:41,411 - INFO - Scheduler started
2025-04-07 12:04:00,068 - INFO - Running job "stock_check (trigger: cron[minute='*'], next run at: 2025-04-07 11:04:00 UTC)" (scheduled at 2025-04-07 11:04:00+00:00)
2025-04-07 12:04:00,815 - WARNING - 2 éléments en stock critique détectés
2025-04-07 12:04:03,797 - INFO - Email envoyé à douha.hm17@gmail.com
2025-04-07 12:04:03,922 - INFO - Job "stock_check (trigger: cron[minute='*'], next run at: 2025-04-07 11:05:00 UTC)" executed successfully
2025-04-07 12:05:00,113 - INFO - Running job "stock_check (trigger: cron[minute='*'], next run at: 2025-04-07 11:06:00 UTC)" (scheduled at 2025-04-07 11:05:00+00:00)
2025-04-07 12:05:00,132 - WARNING - 2 éléments en stock critique détectés
2025-04-07 12:05:03,604 - INFO - Email envoyé à douha.hm17@gmail.com
2025-04-07 12:05:03,700 - INFO - Job "stock_check (trigger: cron[minute='*'], next run at: 2025-04-07 11:06:00 UTC)" executed successfully
2025-04-07 12:06:00,057 - INFO - Running job "stock_check (trigger: cron[minute='*'], next run at: 2025-04-07 11:07:00 UTC)" (scheduled at 2025-04-07 11:06:00+00:00)
2025-04-07 12:06:00,114 - WARNING - 2 éléments en stock critique détectés
2025-04-07 12:06:02,457 - INFO - Email envoyé à douha.hm17@gmail.com
2025-04-07 12:06:02,556 - INFO - Job "stock_check (trigger: cron[minute='*'], next run at: 2025-04-07 11:07:00 UTC)" executed successfully
2025-04-07 12:07:00,376 - INFO - Running job "stock_check (trigger: cron[minute='*'], next run at: 2025-04-07 11:08:00 UTC)" (scheduled at 2025-04-07 11:07:00+00:00)
2025-04-07 12:07:00,562 - WARNING - 2 éléments en stock critique détectés
2025-04-07 12:07:03,513 - INFO - Email envoyé à douha.hm17@gmail.com
2025-04-07 12:07:03,612 - INFO - Job "stock_check (trigger: cron[minute='*'], next run at: 2025-04-07 11:08:00 UTC)" executed successfully
2025-04-07 12:08:00,125 - INFO - Running job "stock_check (trigger: cron[minute='*'], next run at: 2025-04-07 11:09:00 UTC)" (scheduled at 2025-04-07 11:08:00+00:00)
2025-04-07 12:08:00,166 - WARNING - 2 éléments en stock critique détectés
2025-04-07 12:08:02,792 - INFO - Email envoyé à douha.hm17@gmail.com
2025-04-07 12:08:02,939 - INFO - Job "stock_check (trigger: cron[minute='*'], next run at: 2025-04-07 11:09:00 UTC)" executed successfully
2025-04-07 12:09:00,144 - INFO - Running job "stock_check (trigger: cron[minute='*'], next run at: 2025-04-07 11:10:00 UTC)" (scheduled at 2025-04-07 11:09:00+00:00)
2025-04-07 12:09:00,450 - WARNING - 2 éléments en stock critique détectés
2025-04-07 12:09:04,521 - INFO - Email envoyé à douha.hm17@gmail.com
2025-04-07 12:09:04,677 - INFO - Job "stock_check (trigger: cron[minute='*'], next run at: 2025-04-07 11:10:00 UTC)" executed successfully
2025-04-07 12:10:00,038 - INFO - Running job "stock_check (trigger: cron[minute='*'], next run at: 2025-04-07 11:11:00 UTC)" (scheduled at 2025-04-07 11:10:00+00:00)
2025-04-07 12:10:00,212 - WARNING - 2 éléments en stock critique détectés
2025-04-07 12:10:07,432 - INFO - Email envoyé à douha.hm17@gmail.com
2025-04-07 12:10:07,537 - INFO - Job "stock_check (trigger: cron[minute='*'], next run at: 2025-04-07 11:11:00 UTC)" executed successfully
2025-04-07 12:11:00,059 - INFO - Running job "stock_check (trigger: cron[minute='*'], next run at: 2025-04-07 11:12:00 UTC)" (scheduled at 2025-04-07 11:11:00+00:00)
2025-04-07 12:11:00,118 - WARNING - 2 éléments en stock critique détectés
2025-04-07 12:11:02,329 - INFO - Email envoyé à douha.hm17@gmail.com
2025-04-07 12:11:02,511 - INFO - Job "stock_check (trigger: cron[minute='*'], next run at: 2025-04-07 11:12:00 UTC)" executed successfully
2025-04-07 12:11:39,618 - INFO - Arrêt du système...
2025-04-07 12:11:39,635 - INFO - Scheduler has been shut down
2025-04-07 12:12:33,217 - INFO - Démarrage du système de surveillance de stock...
2025-04-07 12:12:33,255 - INFO - Adding job tentatively -- it will be properly scheduled when the scheduler starts
2025-04-07 12:12:33,259 - INFO - Added job "stock_check" to job store "default"
2025-04-07 12:12:33,260 - INFO - Scheduler started
2025-04-07 12:25:37,301 - INFO - Arrêt du système...
2025-04-07 12:25:37,353 - INFO - Scheduler has been shut down
2025-04-21 17:56:02,954 - INFO - Démarrage du système de surveillance de stock...
2025-04-21 17:56:03,022 - INFO - Adding job tentatively -- it will be properly scheduled when the scheduler starts
2025-04-21 17:56:03,045 - INFO - Added job "stock_check" to job store "default"
2025-04-21 17:56:03,112 - INFO - Scheduler started
2025-04-21 17:58:16,787 - INFO - Arrêt du système...
2025-04-21 17:58:16,789 - INFO - Scheduler has been shut down
2025-04-21 17:58:21,357 - INFO - Démarrage du système de surveillance de stock...
2025-04-21 17:58:21,386 - INFO - Adding job tentatively -- it will be properly scheduled when the scheduler starts
2025-04-21 17:58:21,398 - INFO - Added job "stock_check" to job store "default"
2025-04-21 17:58:21,400 - INFO - Scheduler started
2025-04-21 17:59:26,601 - INFO - Arrêt du système...
2025-04-21 17:59:26,602 - INFO - Scheduler has been shut down
2025-04-21 17:59:30,423 - INFO - Démarrage du système de surveillance de stock...
2025-04-21 17:59:30,456 - INFO - Adding job tentatively -- it will be properly scheduled when the scheduler starts
2025-04-21 17:59:30,459 - INFO - Added job "check_low_stock" to job store "default"
2025-04-21 17:59:30,459 - INFO - Scheduler started
2025-04-21 18:01:15,571 - INFO - Arrêt du système...
2025-04-21 18:01:15,619 - INFO - Scheduler has been shut down
2025-04-21 18:01:16,055 - INFO - Démarrage du système de surveillance de stock...
2025-04-21 18:01:16,084 - INFO - Adding job tentatively -- it will be properly scheduled when the scheduler starts
2025-04-21 18:01:16,087 - INFO - Added job "check_low_stock" to job store "default"
2025-04-21 18:01:16,087 - INFO - Scheduler started
2025-04-21 18:03:16,163 - INFO - Running job "check_low_stock (trigger: interval[0:02:00], next run at: 2025-04-21 17:03:16 UTC)" (scheduled at 2025-04-21 17:03:16.083784+00:00)
2025-04-21 18:03:17,092 - WARNING - 8 éléments en stock critique détectés
2025-04-21 18:03:20,339 - INFO - Email envoyé à douha.hm17@gmail.com
2025-04-21 18:03:20,447 - INFO - Job "check_low_stock (trigger: interval[0:02:00], next run at: 2025-04-21 17:05:16 UTC)" executed successfully
2025-04-21 18:05:16,127 - INFO - Running job "check_low_stock (trigger: interval[0:02:00], next run at: 2025-04-21 17:07:16 UTC)" (scheduled at 2025-04-21 17:05:16.083784+00:00)
2025-04-21 18:05:16,281 - WARNING - 8 éléments en stock critique détectés
2025-04-21 18:05:21,248 - INFO - Email envoyé à douha.hm17@gmail.com
2025-04-21 18:05:21,384 - INFO - Job "check_low_stock (trigger: interval[0:02:00], next run at: 2025-04-21 17:07:16 UTC)" executed successfully
2025-04-21 18:07:16,147 - INFO - Running job "check_low_stock (trigger: interval[0:02:00], next run at: 2025-04-21 17:09:16 UTC)" (scheduled at 2025-04-21 17:07:16.083784+00:00)
2025-04-21 18:07:16,203 - WARNING - 8 éléments en stock critique détectés
2025-04-21 18:07:19,871 - INFO - Email envoyé à douha.hm17@gmail.com
2025-04-21 18:07:19,970 - INFO - Job "check_low_stock (trigger: interval[0:02:00], next run at: 2025-04-21 17:09:16 UTC)" executed successfully
2025-04-21 18:09:16,136 - INFO - Running job "check_low_stock (trigger: interval[0:02:00], next run at: 2025-04-21 17:11:16 UTC)" (scheduled at 2025-04-21 17:09:16.083784+00:00)
2025-04-21 18:09:16,334 - WARNING - 8 éléments en stock critique détectés
2025-04-21 18:09:21,443 - INFO - Email envoyé à douha.hm17@gmail.com
2025-04-21 18:09:21,661 - INFO - Job "check_low_stock (trigger: interval[0:02:00], next run at: 2025-04-21 17:11:16 UTC)" executed successfully
2025-04-21 18:11:17,302 - WARNING - Run time of job "check_low_stock (trigger: interval[0:02:00], next run at: 2025-04-21 17:13:16 UTC)" was missed by 0:00:01.208268
2025-04-21 18:12:56,764 - INFO - Arrêt du système...
2025-04-21 18:12:56,816 - INFO - Scheduler has been shut down
2025-04-21 18:13:04,035 - INFO - Démarrage du système de surveillance de stock...
2025-04-21 18:13:04,070 - INFO - Adding job tentatively -- it will be properly scheduled when the scheduler starts
2025-04-21 18:13:04,075 - INFO - Added job "check_low_stock" to job store "default"
2025-04-21 18:13:04,075 - INFO - Scheduler started
2025-04-21 18:15:04,125 - INFO - Running job "check_low_stock (trigger: interval[0:02:00], next run at: 2025-04-21 17:15:04 UTC)" (scheduled at 2025-04-21 17:15:04.070517+00:00)
2025-04-21 18:15:04,642 - WARNING - 7 éléments nécessitant réapprovisionnement
2025-04-21 18:15:08,759 - INFO - Email envoyé à douha.hm17@gmail.com
2025-04-21 18:15:08,877 - INFO - Job "check_low_stock (trigger: interval[0:02:00], next run at: 2025-04-21 17:17:04 UTC)" executed successfully
2025-04-21 18:17:04,124 - INFO - Running job "check_low_stock (trigger: interval[0:02:00], next run at: 2025-04-21 17:19:04 UTC)" (scheduled at 2025-04-21 17:17:04.070517+00:00)
2025-04-21 18:17:04,259 - WARNING - 7 éléments nécessitant réapprovisionnement
2025-04-21 18:17:07,240 - INFO - Email envoyé à douha.hm17@gmail.com
2025-04-21 18:17:07,349 - INFO - Job "check_low_stock (trigger: interval[0:02:00], next run at: 2025-04-21 17:19:04 UTC)" executed successfully
2025-04-21 18:19:04,133 - INFO - Running job "check_low_stock (trigger: interval[0:02:00], next run at: 2025-04-21 17:21:04 UTC)" (scheduled at 2025-04-21 17:19:04.070517+00:00)
2025-04-21 18:19:04,200 - WARNING - 7 éléments nécessitant réapprovisionnement
2025-04-21 18:19:11,859 - INFO - Email envoyé à douha.hm17@gmail.com
2025-04-21 18:19:12,176 - INFO - Job "check_low_stock (trigger: interval[0:02:00], next run at: 2025-04-21 17:21:04 UTC)" executed successfully
2025-04-21 18:21:04,124 - INFO - Running job "check_low_stock (trigger: interval[0:02:00], next run at: 2025-04-21 17:23:04 UTC)" (scheduled at 2025-04-21 17:21:04.070517+00:00)
2025-04-21 18:21:04,278 - WARNING - 7 éléments nécessitant réapprovisionnement
2025-04-21 18:21:07,483 - INFO - Email envoyé à douha.hm17@gmail.com
2025-04-21 18:21:07,592 - INFO - Job "check_low_stock (trigger: interval[0:02:00], next run at: 2025-04-21 17:23:04 UTC)" executed successfully
2025-04-21 18:23:04,226 - INFO - Running job "check_low_stock (trigger: interval[0:02:00], next run at: 2025-04-21 17:25:04 UTC)" (scheduled at 2025-04-21 17:23:04.070517+00:00)
2025-04-21 18:23:04,465 - WARNING - 7 éléments nécessitant réapprovisionnement
2025-04-21 18:23:11,385 - INFO - Email envoyé à douha.hm17@gmail.com
2025-04-21 18:23:17,976 - INFO - Job "check_low_stock (trigger: interval[0:02:00], next run at: 2025-04-21 17:25:04 UTC)" executed successfully
2025-04-21 18:25:04,716 - INFO - Running job "check_low_stock (trigger: interval[0:02:00], next run at: 2025-04-21 17:27:04 UTC)" (scheduled at 2025-04-21 17:25:04.070517+00:00)
2025-04-21 18:25:05,655 - WARNING - 7 éléments nécessitant réapprovisionnement
2025-04-21 18:25:11,891 - INFO - Email envoyé à douha.hm17@gmail.com
2025-04-21 18:25:12,016 - INFO - Job "check_low_stock (trigger: interval[0:02:00], next run at: 2025-04-21 17:27:04 UTC)" executed successfully
2025-04-21 18:27:04,126 - INFO - Running job "check_low_stock (trigger: interval[0:02:00], next run at: 2025-04-21 17:29:04 UTC)" (scheduled at 2025-04-21 17:27:04.070517+00:00)
2025-04-21 18:27:04,241 - WARNING - 7 éléments nécessitant réapprovisionnement
2025-04-21 18:27:09,170 - INFO - Email envoyé à douha.hm17@gmail.com
2025-04-21 18:27:09,300 - INFO - Job "check_low_stock (trigger: interval[0:02:00], next run at: 2025-04-21 17:29:04 UTC)" executed successfully
2025-04-21 18:29:04,167 - INFO - Running job "check_low_stock (trigger: interval[0:02:00], next run at: 2025-04-21 17:29:04 UTC)" (scheduled at 2025-04-21 17:29:04.070517+00:00)
2025-04-21 18:29:04,298 - WARNING - 7 éléments nécessitant réapprovisionnement
2025-04-21 18:29:08,648 - INFO - Email envoyé à douha.hm17@gmail.com
2025-04-21 18:29:08,806 - INFO - Job "check_low_stock (trigger: interval[0:02:00], next run at: 2025-04-21 17:31:04 UTC)" executed successfully
2025-04-21 18:29:39,615 - INFO - Arrêt du système...
2025-04-21 18:29:39,675 - INFO - Scheduler has been shut down
